<?xml version="1.0" encoding="UTF-8"?>
<!-- Generated by org.testng.reporters.JUnitXMLReporter -->
<testsuite hostname="1-lucero-manuel" ignored="0" name="Pruebas Selenium" tests="2" failures="0" timestamp="2025-06-06T11:19:01 ART" time="50.248" errors="0">
  <testcase name="testCertificadoCooperativa" time="20.432" classname="rivadavia.webproductores.tests.TestImpresion"/>
  <testcase name="testCopiaPoliza" time="22.504" classname="rivadavia.webproductores.tests.TestImpresion"/>
</testsuite> <!-- Pruebas Selenium -->
