<?xml version="1.0" encoding="UTF-8"?>
<testsuite xmlns:xsi="http://www.w3.org/2001/XMLSchema-instance" xsi:noNamespaceSchemaLocation="https://maven.apache.org/surefire/maven-surefire-plugin/xsd/surefire-test-report-3.0.xsd" version="3.0" name="TestSuite" time="50.779" tests="2" errors="0" skipped="0" failures="0">
  <properties>
[...]
</properties>
  <testcase name="testCertificadoCooperativa" classname="rivadavia.webproductores.tests.TestImpresion" time="20.435">
    <system-out><![CDATA[📸 Captura guardada: evidencias/login_ok_2025-06-06T11-18-15-769.png
📸 Captura guardada: evidencias/menu_imprimir_2025-06-06T11-18-18-603.png
📸 Captura guardada: evidencias/busqueda_patente_2025-06-06T11-18-19-019.png
Cambiado a pestaña PDF
Titulo inicial: 
📸 Captura guardada: evidencias/certif_ok_2025-06-06T11-18-38-130.png
Pestaña PDF cerrada
Volviendo a la pestaña original
]]></system-out>
    <system-err><![CDATA[Starting ChromeDriver 136.0.7103.92 (cb81a4cc5087a8303a6c8827ee2b80b71d26e334-refs/branch-heads/7103@{#1840}) on port 18576
Only local connections are allowed.
Please see https://chromedriver.chromium.org/security-considerations for suggestions on keeping ChromeDriver safe.
ChromeDriver was started successfully on port 18576.
[1749219492.822][WARNING]: This version of ChromeDriver has not been tested with Chrome version 137.
jun 06, 2025 11:18:12 AM org.openqa.selenium.devtools.CdpVersionFinder findNearestMatch
ADVERTENCIA: Unable to find CDP implementation matching 137
jun 06, 2025 11:18:12 AM org.openqa.selenium.chromium.ChromiumDriver lambda$new$3
ADVERTENCIA: Unable to find version of CDP to use for . You may need to include a dependency on a specific version of the CDP using something similar to `org.seleniumhq.selenium:selenium-devtools-v86:4.8.0` where the version ("v86") matches the version of the chromium-based browser you're using and the version number of the artifact is the same as Selenium's.
]]></system-err>
  </testcase>
  <testcase name="testCopiaPoliza" classname="rivadavia.webproductores.tests.TestImpresion" time="22.499">
    <system-out><![CDATA[📸 Captura guardada: evidencias/menu_imprimir_copia_2025-06-06T11-18-40-377.png
📸 Captura guardada: evidencias/busqueda_copia_poliza_2025-06-06T11-18-40-912.png
Cambiado a pestaña PDF
Titulo inicial: Comprobante Definitivo de Pago
📸 Captura guardada: evidencias/poliza_ok_2025-06-06T11-19-00-640.png
Pestaña PDF cerrada
Volviendo a la pestaña original
]]></system-out>
  </testcase>
</testsuite>