<?xml version="1.0" encoding="UTF-8"?>
<testng-results skipped="0" failed="0" ignored="0" total="2" passed="2">
  <reporter-output>
  </reporter-output>
  <suite name="Suite de Pruebas QA" duration-ms="50248" started-at="2025-06-06T11:18:11 ART" finished-at="2025-06-06T11:19:01 ART">
    <groups>
      <group name="smoke">
        <method signature="TestImpresion.testCertificadoCooperativa()[pri:0, instance:rivadavia.webproductores.tests.TestImpresion@3a883ce7]" name="testCertificadoCooperativa" class="rivadavia.webproductores.tests.TestImpresion"/>
        <method signature="TestImpresion.testCopiaPoliza()[pri:0, instance:rivadavia.webproductores.tests.TestImpresion@3a883ce7]" name="testCopiaPoliza" class="rivadavia.webproductores.tests.TestImpresion"/>
      </group> <!-- smoke -->
    </groups>
    <test name="Pruebas Selenium" duration-ms="50248" started-at="2025-06-06T11:18:11 ART" finished-at="2025-06-06T11:19:01 ART">
      <class name="rivadavia.webproductores.tests.TestImpresion">
        <test-method status="PASS" signature="setUp()[pri:0, instance:rivadavia.webproductores.tests.TestImpresion@3a883ce7]" name="setUp" is-config="true" duration-ms="6623" started-at="2025-06-06T11:18:11 ART" finished-at="2025-06-06T11:18:17 ART">
          <reporter-output>
          </reporter-output>
        </test-method> <!-- setUp -->
        <test-method status="PASS" signature="testCertificadoCooperativa()[pri:0, instance:rivadavia.webproductores.tests.TestImpresion@3a883ce7]" name="testCertificadoCooperativa" duration-ms="20432" started-at="2025-06-06T11:18:17 ART" finished-at="2025-06-06T11:18:38 ART">
          <reporter-output>
          </reporter-output>
        </test-method> <!-- testCertificadoCooperativa -->
        <test-method status="PASS" signature="testCopiaPoliza()[pri:0, instance:rivadavia.webproductores.tests.TestImpresion@3a883ce7]" name="testCopiaPoliza" duration-ms="22504" started-at="2025-06-06T11:18:38 ART" finished-at="2025-06-06T11:19:00 ART">
          <reporter-output>
          </reporter-output>
        </test-method> <!-- testCopiaPoliza -->
        <test-method status="PASS" signature="tearDown()[pri:0, instance:rivadavia.webproductores.tests.TestImpresion@3a883ce7]" name="tearDown" is-config="true" duration-ms="666" started-at="2025-06-06T11:19:00 ART" finished-at="2025-06-06T11:19:01 ART">
          <reporter-output>
          </reporter-output>
        </test-method> <!-- tearDown -->
      </class> <!-- rivadavia.webproductores.tests.TestImpresion -->
    </test> <!-- Pruebas Selenium -->
  </suite> <!-- Suite de Pruebas QA -->
</testng-results>
