<?xml version="1.0" encoding="UTF-8"?>
<testng-results ignored="0" total="1" passed="1" failed="0" skipped="0">
  <reporter-output>
  </reporter-output>
  <suite started-at="2025-06-17T09:13:52 ART" name="Default suite" finished-at="2025-06-17T09:14:19 ART" duration-ms="27778">
    <groups>
    </groups>
    <test started-at="2025-06-17T09:13:52 ART" name="Default test" finished-at="2025-06-17T09:14:19 ART" duration-ms="27778">
      <class name="rivadavia.webproductores.tests.TestSiniestro">
        <test-method is-config="true" signature="setUp()[pri:0, instance:rivadavia.webproductores.tests.TestSiniestro@1b6e1eff]" started-at="2025-06-17T09:13:52 ART" name="setUp" finished-at="2025-06-17T09:14:06 ART" duration-ms="14094" status="PASS">
          <reporter-output>
          </reporter-output>
        </test-method> <!-- setUp -->
        <test-method signature="completarFormularioDenuncia()[pri:0, instance:rivadavia.webproductores.tests.TestSiniestro@1b6e1eff]" started-at="2025-06-17T09:14:06 ART" name="completarFormularioDenuncia" finished-at="2025-06-17T09:14:19 ART" duration-ms="12925" status="PASS">
          <reporter-output>
          </reporter-output>
        </test-method> <!-- completarFormularioDenuncia -->
        <test-method is-config="true" signature="tearDown()[pri:0, instance:rivadavia.webproductores.tests.TestSiniestro@1b6e1eff]" started-at="2025-06-17T09:14:19 ART" name="tearDown" finished-at="2025-06-17T09:14:19 ART" duration-ms="707" status="PASS">
          <reporter-output>
          </reporter-output>
        </test-method> <!-- tearDown -->
      </class> <!-- rivadavia.webproductores.tests.TestSiniestro -->
    </test> <!-- Default test -->
  </suite> <!-- Default suite -->
</testng-results>
